TN:
SF:src/index.ts
FN:1,(empty-report)
FNF:1
FNH:0
FNDA:0,(empty-report)
DA:1,0
DA:2,0
DA:3,0
DA:4,0
DA:5,0
DA:6,0
LF:6
LH:0
BRDA:1,0,0,0
BRF:1
BRH:0
end_of_record
TN:
SF:src/@types/bittorrent-dht.d.ts
FN:1,(empty-report)
FNF:1
FNH:0
FNDA:0,(empty-report)
DA:1,0
DA:2,0
DA:3,0
DA:4,0
DA:5,0
DA:6,0
DA:7,0
DA:8,0
DA:9,0
DA:10,0
DA:11,0
DA:12,0
DA:13,0
DA:14,0
DA:15,0
DA:16,0
DA:17,0
DA:18,0
DA:19,0
LF:19
LH:0
BRDA:1,0,0,0
BRF:1
BRH:0
end_of_record
TN:
SF:src/did-manager/dht-did-provider.ts
FN:29,<instance_members_initializer>
FN:33,DHTDIDProvider
FN:39,createIdentifier
FN:97,deleteIdentifier
FN:101,addKey
FN:108,addService
FN:115,removeKey
FN:122,removeService
FN:129,updateIdentifier
FN:136,getNetworkFor
FNF:10
FNH:4
FNDA:2,<instance_members_initializer>
FNDA:2,DHTDIDProvider
FNDA:4,createIdentifier
FNDA:0,deleteIdentifier
FNDA:0,addKey
FNDA:0,addService
FNDA:0,removeKey
FNDA:0,removeService
FNDA:0,updateIdentifier
FNDA:4,getNetworkFor
DA:1,1
DA:2,1
DA:3,1
DA:4,1
DA:5,1
DA:6,1
DA:7,1
DA:8,1
DA:9,1
DA:10,1
DA:11,1
DA:12,1
DA:13,1
DA:14,1
DA:15,1
DA:16,1
DA:17,1
DA:18,1
DA:19,1
DA:20,1
DA:21,1
DA:22,1
DA:23,1
DA:24,1
DA:25,1
DA:26,1
DA:27,1
DA:28,1
DA:29,1
DA:30,2
DA:31,2
DA:32,2
DA:33,2
DA:34,2
DA:35,2
DA:36,2
DA:37,2
DA:38,2
DA:39,2
DA:40,4
DA:41,4
DA:42,4
DA:43,4
DA:44,4
DA:45,4
DA:46,1
DA:47,1
DA:48,3
DA:49,3
DA:50,4
DA:51,4
DA:52,4
DA:53,3
DA:54,3
DA:55,3
DA:56,3
DA:57,3
DA:58,3
DA:59,3
DA:60,3
DA:61,3
DA:62,3
DA:63,3
DA:64,3
DA:65,3
DA:66,3
DA:67,3
DA:68,3
DA:69,3
DA:70,3
DA:71,3
DA:72,3
DA:73,3
DA:74,3
DA:75,3
DA:76,3
DA:77,3
DA:78,3
DA:79,3
DA:80,1
DA:81,2
DA:82,2
DA:83,2
DA:84,3
DA:85,3
DA:86,2
DA:87,2
DA:88,2
DA:89,2
DA:90,2
DA:91,2
DA:92,2
DA:93,2
DA:94,2
DA:95,2
DA:96,2
DA:97,2
DA:98,0
DA:99,0
DA:100,2
DA:101,2
DA:102,0
DA:103,0
DA:104,0
DA:105,0
DA:106,0
DA:107,2
DA:108,2
DA:109,0
DA:110,0
DA:111,0
DA:112,0
DA:113,0
DA:114,2
DA:115,2
DA:116,0
DA:117,0
DA:118,0
DA:119,0
DA:120,0
DA:121,2
DA:122,2
DA:123,0
DA:124,0
DA:125,0
DA:126,0
DA:127,0
DA:128,2
DA:129,2
DA:130,0
DA:131,0
DA:132,0
DA:133,0
DA:134,0
DA:135,2
DA:136,2
DA:137,4
DA:138,0
DA:139,0
DA:140,4
DA:141,4
DA:142,4
DA:143,4
DA:144,2
LF:144
LH:115
BRDA:29,0,0,2
BRDA:33,1,0,2
BRDA:39,2,0,4
BRDA:43,3,0,2
BRDA:45,4,0,3
BRDA:45,5,0,1
BRDA:50,6,0,2
BRDA:53,7,0,3
BRDA:86,8,0,2
BRDA:77,9,0,3
BRDA:78,10,0,3
BRDA:79,11,0,2
BRDA:79,12,0,1
BRDA:136,13,0,4
BRDA:137,14,0,0
BRDA:141,15,0,4
BRF:16
BRH:15
end_of_record
TN:
SF:src/did-manager/my-did-store.ts
FN:1,(empty-report)
FNF:1
FNH:0
FNDA:0,(empty-report)
DA:1,0
DA:2,0
DA:3,0
DA:4,0
DA:5,0
DA:6,0
DA:7,0
DA:8,0
DA:9,0
DA:10,0
DA:11,0
DA:12,0
DA:13,0
DA:14,0
DA:15,0
DA:16,0
DA:17,0
DA:18,0
DA:19,0
DA:20,0
DA:21,0
DA:22,0
DA:23,0
DA:24,0
DA:25,0
DA:26,0
DA:27,0
DA:28,0
DA:29,0
DA:30,0
DA:31,0
DA:32,0
DA:33,0
LF:33
LH:0
BRDA:1,0,0,0
BRF:1
BRH:0
end_of_record
